[debug] [2020-09-01T12:45:50.205Z] ----------------------------------------------------------------------
[debug] [2020-09-01T12:45:50.207Z] Command:       /usr/local/bin/node /usr/local/bin/firebase ext:install firestore-send-email --project=myportfolio-524
[debug] [2020-09-01T12:45:50.207Z] CLI Version:   8.9.2
[debug] [2020-09-01T12:45:50.207Z] Platform:      darwin
[debug] [2020-09-01T12:45:50.207Z] Node Version:  v12.18.3
[debug] [2020-09-01T12:45:50.217Z] Time:          Tue Sep 01 2020 21:45:50 GMT+0900 (GMT+09:00)
[debug] [2020-09-01T12:45:50.218Z] ----------------------------------------------------------------------
[debug] [2020-09-01T12:45:50.218Z] 
[debug] [2020-09-01T12:45:50.228Z] > command requires scopes: ["email","openid","https://www.googleapis.com/auth/cloudplatformprojects.readonly","https://www.googleapis.com/auth/firebase","https://www.googleapis.com/auth/cloud-platform"]
[debug] [2020-09-01T12:45:50.228Z] > authorizing via signed-in user
[debug] [2020-09-01T12:45:50.230Z] [iam] checking project myportfolio-524 for permissions ["firebase.projects.get","firebaseextensions.instances.create"]
[debug] [2020-09-01T12:45:50.234Z] > refreshing access token with scopes: ["email","https://www.googleapis.com/auth/cloud-platform","https://www.googleapis.com/auth/cloudplatformprojects.readonly","https://www.googleapis.com/auth/firebase","openid"]
[debug] [2020-09-01T12:45:50.234Z] >>> HTTP REQUEST POST https://www.googleapis.com/oauth2/v3/token  
 <request body omitted>
[debug] [2020-09-01T12:45:50.587Z] <<< HTTP RESPONSE 200 {"content-type":"application/json; charset=utf-8","vary":"X-Origin, Referer, Origin,Accept-Encoding","date":"Tue, 01 Sep 2020 12:45:50 GMT","server":"scaffolding on HTTPServer2","cache-control":"private","x-xss-protection":"0","x-frame-options":"SAMEORIGIN","x-content-type-options":"nosniff","alt-svc":"h3-29=\":443\"; ma=2592000,h3-27=\":443\"; ma=2592000,h3-T051=\":443\"; ma=2592000,h3-T050=\":443\"; ma=2592000,h3-Q050=\":443\"; ma=2592000,h3-Q046=\":443\"; ma=2592000,h3-Q043=\":443\"; ma=2592000,quic=\":443\"; ma=2592000; v=\"46,43\"","accept-ranges":"none","transfer-encoding":"chunked"}
[debug] [2020-09-01T12:45:50.598Z] >>> HTTP REQUEST POST https://cloudresourcemanager.googleapis.com/v1/projects/myportfolio-524:testIamPermissions  
 {"permissions":["firebase.projects.get","firebaseextensions.instances.create"]}
[debug] [2020-09-01T12:45:51.421Z] <<< HTTP RESPONSE 200 {"content-type":"application/json; charset=UTF-8","vary":"X-Origin, Referer, Origin,Accept-Encoding","date":"Tue, 01 Sep 2020 12:45:51 GMT","server":"ESF","cache-control":"private","x-xss-protection":"0","x-frame-options":"SAMEORIGIN","x-content-type-options":"nosniff","server-timing":"gfet4t7; dur=616","alt-svc":"h3-29=\":443\"; ma=2592000,h3-27=\":443\"; ma=2592000,h3-T051=\":443\"; ma=2592000,h3-T050=\":443\"; ma=2592000,h3-Q050=\":443\"; ma=2592000,h3-Q046=\":443\"; ma=2592000,h3-Q043=\":443\"; ma=2592000,quic=\":443\"; ma=2592000; v=\"46,43\"","accept-ranges":"none","transfer-encoding":"chunked"}
[info] i  extensions: ensuring required API firebaseextensions.googleapis.com is enabled... 
[debug] [2020-09-01T12:45:51.423Z] >>> HTTP REQUEST GET https://serviceusage.googleapis.com/v1/projects/myportfolio-524/services/firebaseextensions.googleapis.com  
 
[debug] [2020-09-01T12:45:52.547Z] <<< HTTP RESPONSE 200 {"content-type":"application/json; charset=UTF-8","vary":"X-Origin, Referer, Origin,Accept-Encoding","date":"Tue, 01 Sep 2020 12:45:52 GMT","server":"ESF","cache-control":"private","x-xss-protection":"0","x-frame-options":"SAMEORIGIN","x-content-type-options":"nosniff","alt-svc":"h3-29=\":443\"; ma=2592000,h3-27=\":443\"; ma=2592000,h3-T051=\":443\"; ma=2592000,h3-T050=\":443\"; ma=2592000,h3-Q050=\":443\"; ma=2592000,h3-Q046=\":443\"; ma=2592000,h3-Q043=\":443\"; ma=2592000,quic=\":443\"; ma=2592000; v=\"46,43\"","accept-ranges":"none","transfer-encoding":"chunked"}
[warn] ⚠  extensions: missing required API firebaseextensions.googleapis.com. Enabling now... 
[debug] [2020-09-01T12:45:52.549Z] >>> HTTP REQUEST POST https://serviceusage.googleapis.com/v1/projects/myportfolio-524/services/firebaseextensions.googleapis.com:enable  
 
[debug] [2020-09-01T12:45:54.186Z] <<< HTTP RESPONSE 200 {"content-type":"application/json; charset=UTF-8","vary":"X-Origin, Referer, Origin,Accept-Encoding","date":"Tue, 01 Sep 2020 12:45:53 GMT","server":"ESF","cache-control":"private","x-xss-protection":"0","x-frame-options":"SAMEORIGIN","x-content-type-options":"nosniff","alt-svc":"h3-29=\":443\"; ma=2592000,h3-27=\":443\"; ma=2592000,h3-T051=\":443\"; ma=2592000,h3-T050=\":443\"; ma=2592000,h3-Q050=\":443\"; ma=2592000,h3-Q046=\":443\"; ma=2592000,h3-Q043=\":443\"; ma=2592000,quic=\":443\"; ma=2592000; v=\"46,43\"","accept-ranges":"none","transfer-encoding":"chunked"}
[debug] [2020-09-01T12:46:04.193Z] >>> HTTP REQUEST GET https://serviceusage.googleapis.com/v1/projects/myportfolio-524/services/firebaseextensions.googleapis.com  
 
[debug] [2020-09-01T12:46:05.126Z] <<< HTTP RESPONSE 200 {"content-type":"application/json; charset=UTF-8","vary":"X-Origin, Referer, Origin,Accept-Encoding","date":"Tue, 01 Sep 2020 12:46:05 GMT","server":"ESF","cache-control":"private","x-xss-protection":"0","x-frame-options":"SAMEORIGIN","x-content-type-options":"nosniff","alt-svc":"h3-29=\":443\"; ma=2592000,h3-27=\":443\"; ma=2592000,h3-T051=\":443\"; ma=2592000,h3-T050=\":443\"; ma=2592000,h3-Q050=\":443\"; ma=2592000,h3-Q046=\":443\"; ma=2592000,h3-Q043=\":443\"; ma=2592000,quic=\":443\"; ma=2592000; v=\"46,43\"","accept-ranges":"none","transfer-encoding":"chunked"}
[info] ✔  extensions: required API firebaseextensions.googleapis.com is enabled 
[debug] [2020-09-01T12:46:05.130Z] >>> HTTP REQUEST GET https://extensions-registry.firebaseapp.com/extensions.json  
 
[debug] [2020-09-01T12:46:05.248Z] <<< HTTP RESPONSE 200 {"connection":"keep-alive","content-length":"12760","access-control-allow-origin":"*","cache-control":"max-age=3600","content-type":"application/json","etag":"\"ef848acb2a83361100805c899f60c2375af339881af0c52bc789f32c601cb694\"","last-modified":"Thu, 20 Aug 2020 17:10:47 GMT","strict-transport-security":"max-age=31556926; includeSubDomains; preload","accept-ranges":"bytes","date":"Tue, 01 Sep 2020 12:46:05 GMT","x-served-by":"cache-itm18840-ITM","x-cache":"HIT","x-cache-hits":"1","x-timer":"S1598964365.200421,VS0,VE1","vary":"x-fh-requested-host, accept-encoding"}
[debug] [2020-09-01T12:46:05.249Z] >>> HTTP REQUEST GET https://firebaseextensions.googleapis.com/v1beta/projects/firebasemods/sources/9f2f9147-2f5f-4029-bf03-bf1a2d0dd360  
 
[debug] [2020-09-01T12:46:06.131Z] <<< HTTP RESPONSE 200 {"content-type":"application/json; charset=UTF-8","vary":"X-Origin, Referer, Origin,Accept-Encoding","date":"Tue, 01 Sep 2020 12:46:05 GMT","server":"ESF","cache-control":"private","x-xss-protection":"0","x-frame-options":"SAMEORIGIN","x-content-type-options":"nosniff","alt-svc":"h3-29=\":443\"; ma=2592000,h3-27=\":443\"; ma=2592000,h3-T051=\":443\"; ma=2592000,h3-T050=\":443\"; ma=2592000,h3-Q050=\":443\"; ma=2592000,h3-Q046=\":443\"; ma=2592000,h3-Q043=\":443\"; ma=2592000,quic=\":443\"; ma=2592000; v=\"46,43\"","accept-ranges":"none","transfer-encoding":"chunked"}
[info] i  extensions: information about firestore-send-email: 
[info] Name: Trigger Email
Author: Firebase (https://firebase.google.com)
Description: Composes and sends an email based on the contents of a document written to a specified Cloud Firestore collection.

[debug] [2020-09-01T12:46:06.138Z] >>> HTTP REQUEST GET https://cloudbilling.googleapis.com/v1/projects/myportfolio-524/billingInfo  
 
[debug] [2020-09-01T12:46:07.423Z] <<< HTTP RESPONSE 200 {"content-type":"application/json; charset=UTF-8","vary":"X-Origin, Referer, Origin,Accept-Encoding","date":"Tue, 01 Sep 2020 12:46:07 GMT","server":"ESF","cache-control":"private","x-xss-protection":"0","x-frame-options":"SAMEORIGIN","x-content-type-options":"nosniff","alt-svc":"h3-29=\":443\"; ma=2592000,h3-27=\":443\"; ma=2592000,h3-T051=\":443\"; ma=2592000,h3-T050=\":443\"; ma=2592000,h3-Q050=\":443\"; ma=2592000,h3-Q046=\":443\"; ma=2592000,h3-Q043=\":443\"; ma=2592000,quic=\":443\"; ma=2592000; v=\"46,43\"","accept-ranges":"none","transfer-encoding":"chunked"}
[debug] [2020-09-01T12:46:07.425Z] >>> HTTP REQUEST GET https://iam.googleapis.com/v1/roles/datastore.user  
 
[debug] [2020-09-01T12:46:08.481Z] <<< HTTP RESPONSE 200 {"content-type":"application/json; charset=UTF-8","vary":"X-Origin, Referer, Origin,Accept-Encoding","date":"Tue, 01 Sep 2020 12:46:08 GMT","server":"ESF","cache-control":"private","x-xss-protection":"0","x-frame-options":"SAMEORIGIN","x-content-type-options":"nosniff","alt-svc":"h3-29=\":443\"; ma=2592000,h3-27=\":443\"; ma=2592000,h3-T051=\":443\"; ma=2592000,h3-T050=\":443\"; ma=2592000,h3-Q050=\":443\"; ma=2592000,h3-Q046=\":443\"; ma=2592000,h3-Q043=\":443\"; ma=2592000,quic=\":443\"; ma=2592000; v=\"46,43\"","accept-ranges":"none","transfer-encoding":"chunked"}
[info] i  extensions: Trigger Email will be granted the following access to project myportfolio-524
- Cloud Datastore User (Provides read/write access to data in a Cloud Datastore database. Intended for application developers and service accounts.) 
[debug] [2020-09-01T12:50:35.524Z] >>> HTTP REQUEST GET https://firebaseextensions.googleapis.com/v1beta/projects/myportfolio-524/instances/firestore-send-email  
 
[debug] [2020-09-01T12:50:36.614Z] <<< HTTP RESPONSE 404 {"vary":"X-Origin, Referer, Origin,Accept-Encoding","content-type":"application/json; charset=UTF-8","date":"Tue, 01 Sep 2020 12:50:36 GMT","server":"ESF","cache-control":"private","x-xss-protection":"0","x-frame-options":"SAMEORIGIN","x-content-type-options":"nosniff","alt-svc":"h3-29=\":443\"; ma=2592000,h3-27=\":443\"; ma=2592000,h3-T051=\":443\"; ma=2592000,h3-T050=\":443\"; ma=2592000,h3-Q050=\":443\"; ma=2592000,h3-Q046=\":443\"; ma=2592000,h3-Q043=\":443\"; ma=2592000,quic=\":443\"; ma=2592000; v=\"46,43\"","accept-ranges":"none","transfer-encoding":"chunked"}
[debug] [2020-09-01T12:50:36.615Z] <<< HTTP RESPONSE BODY {"error":{"code":404,"message":"Instance `projects/myportfolio-524/instances/firestore-send-email` was not found.","status":"NOT_FOUND"}}
[debug] [2020-09-01T12:50:36.616Z] >>> HTTP REQUEST GET https://firebase.googleapis.com/v1beta1/projects/myportfolio-524/adminSdkConfig  
 
[debug] [2020-09-01T12:50:37.375Z] <<< HTTP RESPONSE 200 {"content-type":"application/json; charset=UTF-8","vary":"X-Origin, Referer, Origin,Accept-Encoding","date":"Tue, 01 Sep 2020 12:50:37 GMT","server":"ESF","cache-control":"private","x-xss-protection":"0","x-frame-options":"SAMEORIGIN","x-content-type-options":"nosniff","alt-svc":"h3-29=\":443\"; ma=2592000,h3-27=\":443\"; ma=2592000,h3-T051=\":443\"; ma=2592000,h3-T050=\":443\"; ma=2592000,h3-Q050=\":443\"; ma=2592000,h3-Q046=\":443\"; ma=2592000,h3-Q043=\":443\"; ma=2592000,quic=\":443\"; ma=2592000; v=\"46,43\"","accept-ranges":"none","transfer-encoding":"chunked"}
[info] i  extensions: answer the questions below to configure your extension: 
[info] 
Cloud Functions location: Where do you want to deploy the functions created for this extension? You usually want a location close to your database. For help selecting a location, refer to the location selection guide (https://firebase.google.com/docs/functions/locations).
[info] 
SMTP connection URI: A URI representing an SMTP server that this extension can use to deliver email.
